<?xml version="1.0" encoding="UTF-8"?>
<!-- Generated by org.testng.reporters.JUnitReportReporter -->
<testsuite hostname="DESKTOP-G4F1SD9" failures="0" tests="1" name="home.demoextentreport_SS" time="32.340" errors="0" timestamp="2025-06-23T21:59:44 IST" skipped="0">
  <testcase classname="home.demoextentreport_SS" name="login" time="32.340"/>
</testsuite> <!-- home.demoextentreport_SS -->
