<?xml version="1.0" encoding="UTF-8"?>
<!-- Generated by org.testng.reporters.JUnitReportReporter -->
<testsuite hostname="DESKTOP-G4F1SD9" failures="0" tests="1" name="Extentreports.learnextentreport" time="2.514" errors="0" timestamp="2025-06-23T13:38:06 IST" skipped="0">
  <testcase classname="Extentreports.learnextentreport" name="createReport" time="2.514"/>
</testsuite> <!-- Extentreports.learnextentreport -->
