<?xml version="1.0" encoding="UTF-8"?>
<!-- Generated by org.testng.reporters.JUnitReportReporter -->
<testsuite hostname="DESKTOP-G4F1SD9" failures="0" tests="1" name="demo.sampleclassTest" time="22.623" errors="0" timestamp="2025-06-20T20:07:55 IST" skipped="0">
  <testcase classname="demo.sampleclassTest" name="launch" time="22.623">
    <system-out>
      <![CDATA[SampleTest class executed]]>
    </system-out>
  </testcase> <!-- launch -->
  <system-out>
    <![CDATA[SampleTest class executed]]>
  </system-out>
</testsuite> <!-- demo.sampleclassTest -->
