<?xml version="1.0" encoding="UTF-8"?>
<!-- Generated by org.testng.reporters.JUnitReportReporter -->
<testsuite hostname="DESKTOP-G4F1SD9" failures="0" tests="1" name="cars.audiTest" time="26.649" errors="0" timestamp="2025-06-21T12:25:02 IST" skipped="0">
  <testcase classname="cars.audiTest" name="launch" time="26.649">
    <system-out>
      <![CDATA[Audi is launched]]>
    </system-out>
  </testcase> <!-- launch -->
  <system-out>
    <![CDATA[Jaguar is launched
Audi is launched
Bmw is launched
Rollsroyce is launched]]>
  </system-out>
</testsuite> <!-- cars.audiTest -->
