<?xml version="1.0" encoding="UTF-8"?>
<!-- Generated by org.testng.reporters.JUnitReportReporter -->
<testsuite hostname="DESKTOP-G4F1SD9" failures="0" tests="1" name="Extentreports.addscreenshotintoreport" time="19.399" errors="0" timestamp="2025-06-23T13:58:48 IST" skipped="0">
  <testcase classname="Extentreports.addscreenshotintoreport" name="addscreenshot" time="19.399"/>
</testsuite> <!-- Extentreports.addscreenshotintoreport -->
