<?xml version="1.0" encoding="UTF-8"?>
<!-- Generated by org.testng.reporters.JUnitReportReporter -->
<testsuite hostname="DESKTOP-G4F1SD9" failures="0" tests="1" name="bike.heroTest" time="68.689" errors="0" timestamp="2025-06-21T13:34:58 IST" skipped="0">
  <testcase classname="bike.heroTest" name="launch" time="68.689">
    <system-out>
      <![CDATA[Hero launched]]>
    </system-out>
  </testcase> <!-- launch -->
  <system-out>
    <![CDATA[Bajaj launched
Bmw launched
Hero launched
yamaha launched
Audi is launched
Bmw is launched
Jaguar is launched
Rollsroyce is launched
SampleTest class executed]]>
  </system-out>
</testsuite> <!-- bike.heroTest -->
