<?xml version="1.0" encoding="UTF-8"?>
<!-- Generated by org.testng.reporters.JUnitReportReporter -->
<testsuite hostname="DESKTOP-G4F1SD9" failures="0" tests="1" name="bike.yamahaTest" time="25.395" errors="0" timestamp="2025-06-21T13:42:23 IST" skipped="0">
  <testcase classname="bike.yamahaTest" name="launch" time="25.395">
    <system-out>
      <![CDATA[yamaha launched]]>
    </system-out>
  </testcase> <!-- launch -->
  <system-out>
    <![CDATA[yamaha launched]]>
  </system-out>
</testsuite> <!-- bike.yamahaTest -->
