<?xml version="1.0" encoding="UTF-8"?>
<!-- Generated by org.testng.reporters.JUnitReportReporter -->
<testsuite hostname="DESKTOP-G4F1SD9" failures="0" tests="1" name="demo.sampleclassTest" time="49.544" errors="0" timestamp="2025-06-21T13:34:58 IST" skipped="0">
  <testcase classname="demo.sampleclassTest" name="launch" time="49.544">
    <system-out>
      <![CDATA[SampleTest class executed]]>
    </system-out>
  </testcase> <!-- launch -->
  <system-out>
    <![CDATA[Bajaj launched
Bmw launched
Hero launched
yamaha launched
Audi is launched
Bmw is launched
Jaguar is launched
Rollsroyce is launched
SampleTest class executed]]>
  </system-out>
</testsuite> <!-- demo.sampleclassTest -->
